Using pre-set license
Built from '2020.3/staging' branch; Version is '2020.3.19f1 (68f137dc9bbe) revision 6877495'; Using compiler version '192528614'; Build Type 'Release'
OS: 'Windows 10 Pro; OS build 19042.1237; Version 2009; 64bit' Language: 'fr' Physical Memory: 16164 MB
BatchMode: 1, IsHumanControllingUs: 0, StartBugReporterOnCrash: 0, Is64bit: 1, IsPro: 0

COMMAND LINE ARGUMENTS:
C:\Program Files\Unity\Hub\Editor\2020.3.19f1\Editor\Unity.exe
-adb2
-batchMode
-noUpm
-name
AssetImportWorker0
-projectPath
C:/Users/ewakeford/Documents/GitHub/Tower-Defense
-logFile
Logs/AssetImportWorker0.log
-srvPort
57919
Successfully changed project path to: C:/Users/ewakeford/Documents/GitHub/Tower-Defense
C:/Users/ewakeford/Documents/GitHub/Tower-Defense
Using Asset Import Pipeline V2.
Refreshing native plugins compatible for Editor in 20.37 ms, found 2 plugins.
Preloading 0 native plugins for Editor in 0.00 ms.
Initialize engine version: 2020.3.19f1 (68f137dc9bbe)
[Subsystems] Discovering subsystems at path C:/Program Files/Unity/Hub/Editor/2020.3.19f1/Editor/Data/Resources/UnitySubsystems
[Subsystems] Discovering subsystems at path C:/Users/ewakeford/Documents/GitHub/Tower-Defense/Assets
GfxDevice: creating device client; threaded=0
Direct3D:
    Version:  Direct3D 11.0 [level 11.1]
    Renderer: NVIDIA GeForce RTX 3060 Ti (ID=0x2486)
    Vendor:   
    VRAM:     8050 MB
    Driver:   30.0.14.7141
Initialize mono
Mono path[0] = 'C:/Program Files/Unity/Hub/Editor/2020.3.19f1/Editor/Data/Managed'
Mono path[1] = 'C:/Program Files/Unity/Hub/Editor/2020.3.19f1/Editor/Data/MonoBleedingEdge/lib/mono/unityjit'
Mono config path = 'C:/Program Files/Unity/Hub/Editor/2020.3.19f1/Editor/Data/MonoBleedingEdge/etc'
Using monoOptions --debugger-agent=transport=dt_socket,embedding=1,server=y,suspend=n,address=127.0.0.1:56352
Begin MonoManager ReloadAssembly
Registering precompiled unity dll's ...
Register platform support module: C:/Program Files/Unity/Hub/Editor/2020.3.19f1/Editor/Data/PlaybackEngines/WindowsStandaloneSupport/UnityEditor.WindowsStandalone.Extensions.dll
Registered in 0.001595 seconds.
Native extension for WindowsStandalone target not found
Refreshing native plugins compatible for Editor in 20.98 ms, found 2 plugins.
Preloading 0 native plugins for Editor in 0.00 ms.
Mono: successfully reloaded assembly
- Completed reload, in  0.790 seconds
Domain Reload Profiling:
	ReloadAssembly (790ms)
		BeginReloadAssembly (40ms)
			ExecutionOrderSort (0ms)
			DisableScriptedObjects (0ms)
			BackupInstance (0ms)
			ReleaseScriptingObjects (0ms)
			CreateAndSetChildDomain (1ms)
		EndReloadAssembly (278ms)
			LoadAssemblies (38ms)
			RebuildTransferFunctionScriptingTraits (0ms)
			SetupTypeCache (101ms)
			ReleaseScriptCaches (0ms)
			RebuildScriptCaches (20ms)
			SetupLoadedEditorAssemblies (107ms)
				LogAssemblyErrors (0ms)
				InitializePlatformSupportModulesInManaged (3ms)
				SetLoadedEditorAssemblies (0ms)
				RefreshPlugins (21ms)
				BeforeProcessingInitializeOnLoad (6ms)
				ProcessInitializeOnLoadAttributes (57ms)
				ProcessInitializeOnLoadMethodAttributes (20ms)
				AfterProcessingInitializeOnLoad (0ms)
				EditorAssembliesLoaded (0ms)
			ExecutionOrderSort2 (0ms)
			AwakeInstancesAfterBackupRestoration (0ms)
Platform modules already initialized, skipping
Registering precompiled user dll's ...
Registered in 0.002197 seconds.
Begin MonoManager ReloadAssembly
Native extension for WindowsStandalone target not found
Refreshing native plugins compatible for Editor in 0.22 ms, found 2 plugins.
Preloading 0 native plugins for Editor in 0.00 ms.
Mono: successfully reloaded assembly
- Completed reload, in  0.656 seconds
Domain Reload Profiling:
	ReloadAssembly (657ms)
		BeginReloadAssembly (96ms)
			ExecutionOrderSort (0ms)
			DisableScriptedObjects (3ms)
			BackupInstance (0ms)
			ReleaseScriptingObjects (0ms)
			CreateAndSetChildDomain (13ms)
		EndReloadAssembly (519ms)
			LoadAssemblies (58ms)
			RebuildTransferFunctionScriptingTraits (0ms)
			SetupTypeCache (169ms)
			ReleaseScriptCaches (0ms)
			RebuildScriptCaches (29ms)
			SetupLoadedEditorAssemblies (197ms)
				LogAssemblyErrors (0ms)
				InitializePlatformSupportModulesInManaged (4ms)
				SetLoadedEditorAssemblies (0ms)
				RefreshPlugins (0ms)
				BeforeProcessingInitializeOnLoad (38ms)
				ProcessInitializeOnLoadAttributes (147ms)
				ProcessInitializeOnLoadMethodAttributes (3ms)
				AfterProcessingInitializeOnLoad (5ms)
				EditorAssembliesLoaded (0ms)
			ExecutionOrderSort2 (0ms)
			AwakeInstancesAfterBackupRestoration (4ms)
Platform modules already initialized, skipping
========================================================================
Worker process is ready to serve import requests
Launched and connected shader compiler UnityShaderCompiler.exe after 0.03 seconds
Refreshing native plugins compatible for Editor in 0.21 ms, found 2 plugins.
Preloading 0 native plugins for Editor in 0.00 ms.
Unloading 1397 Unused Serialized files (Serialized files now loaded: 0)
System memory in use before: 64.8 MB.
System memory in use after: 64.9 MB.

Unloading 16 unused Assets to reduce memory usage. Loaded Objects now: 1832.
Total: 1.836800 ms (FindLiveObjects: 0.097100 ms CreateObjectMapping: 0.027900 ms MarkObjects: 1.668200 ms  DeleteObjects: 0.042800 ms)

AssetImportParameters requested are different than current active one (requested -> active):
  custom:framework-win-MediaFoundation: 216162199b28c13a410421893ffa2e32 -> 
  custom:video-decoder-ogg-theora: a1e56fd34408186e4bbccfd4996cb3dc -> 
  custom:container-muxer-webm: aa71ff27fc2769a1b78a27578f13a17b -> 
  custom:container-demuxer-webm: 4f35f7cbe854078d1ac9338744f61a02 -> 
  custom:container-demuxer-ogg: 62fdf1f143b41e24485cea50d1cbac27 -> 
  custom:video-encoder-webm-vp8: eb34c28f22e8b96e1ab97ce403110664 -> 
  custom:video-codec-MediaFoundation-h265: 746d11721c4dcdbdad8f713fa42b33f4 -> 
  custom:video-decoder-webm-vp8: 9c59270c3fd7afecdb556c50c9e8de78 -> 
  custom:audio-decoder-ogg-vorbis: bf7c407c2cedff20999df2af8eb42d56 -> 
  custom:audio-encoder-webm-vorbis: bf7c407c2cedff20999df2af8eb42d56 -> 
========================================================================
Received Import Request.
  path: Assets/Scenes/Scene_Elvyn.unity
  artifactKey: Guid(f863eb0eb7f49db4a89b171676bb72ec) Importer(815301076,1909f56bfc062723c751e8b465ee728b)
Start importing Assets/Scenes/Scene_Elvyn.unity using Guid(f863eb0eb7f49db4a89b171676bb72ec) Importer(815301076,1909f56bfc062723c751e8b465ee728b)  -> (artifact id: '8cdf941307bbdc98969a2f3198d56d95') in 0.008692 seconds 
  Import took 0.010257 seconds .

========================================================================
Received Import Request.
  Time since last request: 152.199362 seconds.
  path: Assets/Scenes/SampleScene.unity
  artifactKey: Guid(9fc0d4010bbf28b4594072e72b8655ab) Importer(815301076,1909f56bfc062723c751e8b465ee728b)
Start importing Assets/Scenes/SampleScene.unity using Guid(9fc0d4010bbf28b4594072e72b8655ab) Importer(815301076,1909f56bfc062723c751e8b465ee728b)  -> (artifact id: 'dcc088d1731b590f9572c6f2bab98c6a') in 0.002140 seconds 
  Import took 0.004002 seconds .

========================================================================
Received Import Request.
  Time since last request: 14.502190 seconds.
  path: Assets
  artifactKey: Guid(00000000000000001000000000000000) Importer(815301076,1909f56bfc062723c751e8b465ee728b)
Start importing Assets using Guid(00000000000000001000000000000000) Importer(815301076,1909f56bfc062723c751e8b465ee728b)  -> (artifact id: '42d402b061de3733987d63b9cc3b64de') in 0.001558 seconds 
  Import took 0.003292 seconds .

========================================================================
Received Import Request.
  Time since last request: 10.004134 seconds.
  path: Assets/materials
  artifactKey: Guid(9edc78504d2d88348ba0be0e6689ef16) Importer(815301076,1909f56bfc062723c751e8b465ee728b)
Start importing Assets/materials using Guid(9edc78504d2d88348ba0be0e6689ef16) Importer(815301076,1909f56bfc062723c751e8b465ee728b)  -> (artifact id: '1efd8f92f642c5b638ab43c14343b4d4') in 0.002769 seconds 
  Import took 0.004624 seconds .

========================================================================
Received Import Request.
  Time since last request: 7.158170 seconds.
  path: Assets/Materials
  artifactKey: Guid(9edc78504d2d88348ba0be0e6689ef16) Importer(815301076,1909f56bfc062723c751e8b465ee728b)
Start importing Assets/Materials using Guid(9edc78504d2d88348ba0be0e6689ef16) Importer(815301076,1909f56bfc062723c751e8b465ee728b)  -> (artifact id: '95a9f7a998b1b72e5923dfca861c55cc') in 0.001787 seconds 
  Import took 0.003546 seconds .

========================================================================
Received Import Request.
  Time since last request: 95.164961 seconds.
  path: Assets/Materials/Floor.mat
  artifactKey: Guid(59c0ddb1d249483489b69df53a81479a) Importer(815301076,1909f56bfc062723c751e8b465ee728b)
Start importing Assets/Materials/Floor.mat using Guid(59c0ddb1d249483489b69df53a81479a) Importer(815301076,1909f56bfc062723c751e8b465ee728b)  -> (artifact id: 'd863cba51edd26c5dbc4f3621182318c') in 0.108180 seconds 
  Import took 0.110154 seconds .

========================================================================
Received Import Request.
  Time since last request: 138.815575 seconds.
  path: Assets/Assets
  artifactKey: Guid(dce085bc9676e1244afddc2cc288b575) Importer(815301076,1909f56bfc062723c751e8b465ee728b)
Start importing Assets/Assets using Guid(dce085bc9676e1244afddc2cc288b575) Importer(815301076,1909f56bfc062723c751e8b465ee728b)  -> (artifact id: '822124348c74a2ca79e1ec900d4287e5') in 0.002303 seconds 
  Import took 0.004131 seconds .

========================================================================
Received Import Request.
  Time since last request: 7.899342 seconds.
  path: Assets/Scripts
  artifactKey: Guid(82522ea1c29edcd488cdecfb58469294) Importer(815301076,1909f56bfc062723c751e8b465ee728b)
Start importing Assets/Scripts using Guid(82522ea1c29edcd488cdecfb58469294) Importer(815301076,1909f56bfc062723c751e8b465ee728b)  -> (artifact id: '91aeb09e5e2723e054d480217e0a5080') in 0.002756 seconds 
  Import took 0.004711 seconds .

========================================================================
Received Import Request.
  Time since last request: 13.146951 seconds.
  path: Assets/Prefabs
  artifactKey: Guid(c73410d23f6a1ae4caa4bf82e742230c) Importer(815301076,1909f56bfc062723c751e8b465ee728b)
Start importing Assets/Prefabs using Guid(c73410d23f6a1ae4caa4bf82e742230c) Importer(815301076,1909f56bfc062723c751e8b465ee728b)  -> (artifact id: '4e1a0f4c6a1b1f386964c48ce30ccbe7') in 0.012359 seconds 
  Import took 0.014089 seconds .

AssetImportWorkerClient::OnTransportError - code=2 error=End of file
